<?xml version="1.0" encoding="UTF-8"?>
<!-- Generated by org.testng.reporters.JUnitReportReporter -->
<testsuite hostname="LAPTOP-5U1NCDVD" failures="0" tests="1" name="tests.LoginTest" time="12.560" errors="0" timestamp="2022-01-09T16:05:23 IST" skipped="0">
  <testcase classname="tests.LoginTest" name="login" time="12.560"/>
  <system-out/>
</testsuite> <!-- tests.LoginTest -->
