<?xml version="1.0" encoding="UTF-8"?>
<!-- Generated by org.testng.reporters.JUnitReportReporter -->
<testsuite hostname="LAPTOP-5U1NCDVD" failures="0" tests="1" name="runner.TestRunner" time="12.778" errors="0" timestamp="2022-01-10T20:18:23 IST" skipped="0">
  <testcase classname="runner.TestRunner" name="runScenario" time="12.778"/>
  <system-out/>
</testsuite> <!-- runner.TestRunner -->
